<?xml version="1.0" encoding="UTF-8"?>
<!-- Generated by org.testng.reporters.JUnitReportReporter -->
<testsuite hostname="DESKTOP-D9PH138" failures="0" tests="1" name="sauselab.sauselab.tests.HomeTest" time="0.883" errors="0" timestamp="2025-05-29T06:09:45 EEST" skipped="0">
  <testcase classname="sauselab.sauselab.tests.HomeTest" name="Homepage_PositiveTestScenario" time="0.883"/>
</testsuite> <!-- sauselab.sauselab.tests.HomeTest -->
