<?xml version="1.0" encoding="UTF-8"?>
<!-- Generated by org.testng.reporters.JUnitReportReporter -->
<testsuite hostname="DESKTOP-D9PH138" failures="0" tests="1" name="sauselab.sauselab.tests.LoginTest" time="0.416" errors="0" timestamp="2025-05-28T05:11:53 EEST" skipped="0">
  <testcase classname="sauselab.sauselab.tests.LoginTest" name="Positive_Test_Senario" time="0.416"/>
</testsuite> <!-- sauselab.sauselab.tests.LoginTest -->
